This is pdfTeX, Version 3.14159265-2.6-1.40.20 (TeX Live 2019/NixOS.org) (preloaded format=pdflatex 2021.4.10)  5 MAY 2021 15:55
entering extended mode
 restricted \write18 enabled.
 %&-line parsing enabled.
**job-manual.tex
(./job-manual.tex
LaTeX2e <2020-02-02> patch level 5
L3 programming layer <2020-02-25>
(/nix/store/i7x45x6ayv3j4mkkxf4sljpn5cqgyx85-texlive-combined-full-2019/share/t
exmf/tex/latex/base/article.cls
Document Class: article 2019/12/20 v1.4l Standard LaTeX document class

(/nix/store/i7x45x6ayv3j4mkkxf4sljpn5cqgyx85-texlive-combined-full-2019/share/t
exmf/tex/latex/base/size10.clo
File: size10.clo 2019/12/20 v1.4l Standard LaTeX file (size option)
)
\c@part=\count167
\c@section=\count168
\c@subsection=\count169
\c@subsubsection=\count170
\c@paragraph=\count171
\c@subparagraph=\count172
\c@figure=\count173
\c@table=\count174
\abovecaptionskip=\skip47
\belowcaptionskip=\skip48
\bibindent=\dimen134
) (./preamble/preamble.tex
(/nix/store/i7x45x6ayv3j4mkkxf4sljpn5cqgyx85-texlive-combined-full-2019/share/t
exmf/tex/generic/babel/babel.sty
Package: babel 2020/02/28 3.41 The Babel package

(/nix/store/i7x45x6ayv3j4mkkxf4sljpn5cqgyx85-texlive-combined-full-2019/share/t
exmf/tex/generic/babel/switch.def
File: switch.def 2020/02/28 3.41 Babel switching mechanism
)
(/nix/store/i7x45x6ayv3j4mkkxf4sljpn5cqgyx85-texlive-combined-full-2019/share/t
exmf/tex/generic/babel-english/english.ldf
Language: english 2017/06/06 v3.3r English support from the babel system

(/nix/store/i7x45x6ayv3j4mkkxf4sljpn5cqgyx85-texlive-combined-full-2019/share/t
exmf/tex/generic/babel/babel.def
File: babel.def 2020/02/28 3.41 Babel common definitions
\babel@savecnt=\count175
\U@D=\dimen135

(/nix/store/i7x45x6ayv3j4mkkxf4sljpn5cqgyx85-texlive-combined-full-2019/share/t
exmf/tex/generic/babel/txtbabel.def)
\bbl@readstream=\read2
\bbl@dirlevel=\count176
)
Package babel Info: \l@canadian = using hyphenrules for english
(babel)             (\language0) on input line 102.
Package babel Info: \l@australian = using hyphenrules for ukenglish
(babel)             (\language21) on input line 105.
Package babel Info: \l@newzealand = using hyphenrules for ukenglish
(babel)             (\language21) on input line 108.
))
(/nix/store/i7x45x6ayv3j4mkkxf4sljpn5cqgyx85-texlive-combined-full-2019/share/t
exmf/tex/latex/base/inputenc.sty
Package: inputenc 2018/08/11 v1.3c Input encoding file
\inpenc@prehook=\toks15
\inpenc@posthook=\toks16
)
(/nix/store/i7x45x6ayv3j4mkkxf4sljpn5cqgyx85-texlive-combined-full-2019/share/t
exmf/tex/latex/amsmath/amsmath.sty
Package: amsmath 2020/01/20 v2.17e AMS math features
\@mathmargin=\skip49

For additional information on amsmath, use the `?' option.

(/nix/store/i7x45x6ayv3j4mkkxf4sljpn5cqgyx85-texlive-combined-full-2019/share/t
exmf/tex/latex/amsmath/amstext.sty
Package: amstext 2000/06/29 v2.01 AMS text

(/nix/store/i7x45x6ayv3j4mkkxf4sljpn5cqgyx85-texlive-combined-full-2019/share/t
exmf/tex/latex/amsmath/amsgen.sty
File: amsgen.sty 1999/11/30 v2.0 generic functions
\@emptytoks=\toks17
\ex@=\dimen136
))
(/nix/store/i7x45x6ayv3j4mkkxf4sljpn5cqgyx85-texlive-combined-full-2019/share/t
exmf/tex/latex/amsmath/amsbsy.sty
Package: amsbsy 1999/11/29 v1.2d Bold Symbols
\pmbraise@=\dimen137
)
(/nix/store/i7x45x6ayv3j4mkkxf4sljpn5cqgyx85-texlive-combined-full-2019/share/t
exmf/tex/latex/amsmath/amsopn.sty
Package: amsopn 2016/03/08 v2.02 operator names
)
\inf@bad=\count177
LaTeX Info: Redefining \frac on input line 227.
\uproot@=\count178
\leftroot@=\count179
LaTeX Info: Redefining \overline on input line 389.
\classnum@=\count180
\DOTSCASE@=\count181
LaTeX Info: Redefining \ldots on input line 486.
LaTeX Info: Redefining \dots on input line 489.
LaTeX Info: Redefining \cdots on input line 610.
\Mathstrutbox@=\box45
\strutbox@=\box46
\big@size=\dimen138
LaTeX Font Info:    Redeclaring font encoding OML on input line 733.
LaTeX Font Info:    Redeclaring font encoding OMS on input line 734.
\macc@depth=\count182
\c@MaxMatrixCols=\count183
\dotsspace@=\muskip16
\c@parentequation=\count184
\dspbrk@lvl=\count185
\tag@help=\toks18
\row@=\count186
\column@=\count187
\maxfields@=\count188
\andhelp@=\toks19
\eqnshift@=\dimen139
\alignsep@=\dimen140
\tagshift@=\dimen141
\tagwidth@=\dimen142
\totwidth@=\dimen143
\lineht@=\dimen144
\@envbody=\toks20
\multlinegap=\skip50
\multlinetaggap=\skip51
\mathdisplay@stack=\toks21
LaTeX Info: Redefining \[ on input line 2859.
LaTeX Info: Redefining \] on input line 2860.
)
(/nix/store/i7x45x6ayv3j4mkkxf4sljpn5cqgyx85-texlive-combined-full-2019/share/t
exmf/tex/latex/amscls/amsthm.sty
Package: amsthm 2017/10/31 v2.20.4
\thm@style=\toks22
\thm@bodyfont=\toks23
\thm@headfont=\toks24
\thm@notefont=\toks25
\thm@headpunct=\toks26
\thm@preskip=\skip52
\thm@postskip=\skip53
\thm@headsep=\skip54
\dth@everypar=\toks27
)
(/nix/store/i7x45x6ayv3j4mkkxf4sljpn5cqgyx85-texlive-combined-full-2019/share/t
exmf/tex/latex/graphics/graphicx.sty
Package: graphicx 2019/11/30 v1.2a Enhanced LaTeX Graphics (DPC,SPQR)

(/nix/store/i7x45x6ayv3j4mkkxf4sljpn5cqgyx85-texlive-combined-full-2019/share/t
exmf/tex/latex/graphics/keyval.sty
Package: keyval 2014/10/28 v1.15 key=value parser (DPC)
\KV@toks@=\toks28
)
(/nix/store/i7x45x6ayv3j4mkkxf4sljpn5cqgyx85-texlive-combined-full-2019/share/t
exmf/tex/latex/graphics/graphics.sty
Package: graphics 2019/11/30 v1.4a Standard LaTeX Graphics (DPC,SPQR)

(/nix/store/i7x45x6ayv3j4mkkxf4sljpn5cqgyx85-texlive-combined-full-2019/share/t
exmf/tex/latex/graphics/trig.sty
Package: trig 2016/01/03 v1.10 sin cos tan (DPC)
)
(/nix/store/i7x45x6ayv3j4mkkxf4sljpn5cqgyx85-texlive-combined-full-2019/share/t
exmf/tex/latex/graphics-cfg/graphics.cfg
File: graphics.cfg 2016/06/04 v1.11 sample graphics configuration
)
Package graphics Info: Driver file: pdftex.def on input line 105.

(/nix/store/i7x45x6ayv3j4mkkxf4sljpn5cqgyx85-texlive-combined-full-2019/share/t
exmf/tex/latex/graphics-def/pdftex.def
File: pdftex.def 2018/01/08 v1.0l Graphics/color driver for pdftex
))
\Gin@req@height=\dimen145
\Gin@req@width=\dimen146
)
(/nix/store/i7x45x6ayv3j4mkkxf4sljpn5cqgyx85-texlive-combined-full-2019/share/t
exmf/tex/latex/todonotes/todonotes.sty
Package: todonotes 2019/01/24 v1.1.2 Todonotes source and documentation.
Package: todonotes 2018/11/22

(/nix/store/i7x45x6ayv3j4mkkxf4sljpn5cqgyx85-texlive-combined-full-2019/share/t
exmf/tex/latex/base/ifthen.sty
Package: ifthen 2014/09/29 v1.1c Standard LaTeX ifthen package (DPC)
)
(/nix/store/i7x45x6ayv3j4mkkxf4sljpn5cqgyx85-texlive-combined-full-2019/share/t
exmf/tex/latex/xkeyval/xkeyval.sty
Package: xkeyval 2014/12/03 v2.7a package option processing (HA)

(/nix/store/i7x45x6ayv3j4mkkxf4sljpn5cqgyx85-texlive-combined-full-2019/share/t
exmf/tex/generic/xkeyval/xkeyval.tex
(/nix/store/i7x45x6ayv3j4mkkxf4sljpn5cqgyx85-texlive-combined-full-2019/share/t
exmf/tex/generic/xkeyval/xkvutils.tex
\XKV@toks=\toks29
\XKV@tempa@toks=\toks30
)
\XKV@depth=\count189
File: xkeyval.tex 2014/12/03 v2.7a key=value parser (HA)
))
(/nix/store/i7x45x6ayv3j4mkkxf4sljpn5cqgyx85-texlive-combined-full-2019/share/t
exmf/tex/latex/xcolor/xcolor.sty
Package: xcolor 2016/05/11 v2.12 LaTeX color extensions (UK)

(/nix/store/i7x45x6ayv3j4mkkxf4sljpn5cqgyx85-texlive-combined-full-2019/share/t
exmf/tex/latex/graphics-cfg/color.cfg
File: color.cfg 2016/01/02 v1.6 sample color configuration
)
Package xcolor Info: Driver file: pdftex.def on input line 225.
Package xcolor Info: Model `cmy' substituted by `cmy0' on input line 1348.
Package xcolor Info: Model `hsb' substituted by `rgb' on input line 1352.
Package xcolor Info: Model `RGB' extended on input line 1364.
Package xcolor Info: Model `HTML' substituted by `rgb' on input line 1366.
Package xcolor Info: Model `Hsb' substituted by `hsb' on input line 1367.
Package xcolor Info: Model `tHsb' substituted by `hsb' on input line 1368.
Package xcolor Info: Model `HSB' substituted by `hsb' on input line 1369.
Package xcolor Info: Model `Gray' substituted by `gray' on input line 1370.
Package xcolor Info: Model `wave' substituted by `hsb' on input line 1371.
)
(/nix/store/i7x45x6ayv3j4mkkxf4sljpn5cqgyx85-texlive-combined-full-2019/share/t
exmf/tex/latex/pgf/frontendlayer/tikz.sty
(/nix/store/i7x45x6ayv3j4mkkxf4sljpn5cqgyx85-texlive-combined-full-2019/share/t
exmf/tex/latex/pgf/basiclayer/pgf.sty
(/nix/store/i7x45x6ayv3j4mkkxf4sljpn5cqgyx85-texlive-combined-full-2019/share/t
exmf/tex/latex/pgf/utilities/pgfrcs.sty
(/nix/store/i7x45x6ayv3j4mkkxf4sljpn5cqgyx85-texlive-combined-full-2019/share/t
exmf/tex/generic/pgf/utilities/pgfutil-common.tex
\pgfutil@everybye=\toks31
\pgfutil@tempdima=\dimen147
\pgfutil@tempdimb=\dimen148

(/nix/store/i7x45x6ayv3j4mkkxf4sljpn5cqgyx85-texlive-combined-full-2019/share/t
exmf/tex/generic/pgf/utilities/pgfutil-common-lists.tex))
(/nix/store/i7x45x6ayv3j4mkkxf4sljpn5cqgyx85-texlive-combined-full-2019/share/t
exmf/tex/generic/pgf/utilities/pgfutil-latex.def
\pgfutil@abb=\box47

(/nix/store/i7x45x6ayv3j4mkkxf4sljpn5cqgyx85-texlive-combined-full-2019/share/t
exmf/tex/latex/ms/everyshi.sty
Package: everyshi 2001/05/15 v3.00 EveryShipout Package (MS)
))
(/nix/store/i7x45x6ayv3j4mkkxf4sljpn5cqgyx85-texlive-combined-full-2019/share/t
exmf/tex/generic/pgf/utilities/pgfrcs.code.tex
(/nix/store/i7x45x6ayv3j4mkkxf4sljpn5cqgyx85-texlive-combined-full-2019/share/t
exmf/tex/generic/pgf/pgf.revision.tex)
Package: pgfrcs 2020/01/08 v3.1.5b (3.1.5b)
))
Package: pgf 2020/01/08 v3.1.5b (3.1.5b)

(/nix/store/i7x45x6ayv3j4mkkxf4sljpn5cqgyx85-texlive-combined-full-2019/share/t
exmf/tex/latex/pgf/basiclayer/pgfcore.sty
(/nix/store/i7x45x6ayv3j4mkkxf4sljpn5cqgyx85-texlive-combined-full-2019/share/t
exmf/tex/latex/pgf/systemlayer/pgfsys.sty
(/nix/store/i7x45x6ayv3j4mkkxf4sljpn5cqgyx85-texlive-combined-full-2019/share/t
exmf/tex/generic/pgf/systemlayer/pgfsys.code.tex
Package: pgfsys 2020/01/08 v3.1.5b (3.1.5b)

(/nix/store/i7x45x6ayv3j4mkkxf4sljpn5cqgyx85-texlive-combined-full-2019/share/t
exmf/tex/generic/pgf/utilities/pgfkeys.code.tex
\pgfkeys@pathtoks=\toks32
\pgfkeys@temptoks=\toks33

(/nix/store/i7x45x6ayv3j4mkkxf4sljpn5cqgyx85-texlive-combined-full-2019/share/t
exmf/tex/generic/pgf/utilities/pgfkeysfiltered.code.tex
\pgfkeys@tmptoks=\toks34
))
\pgf@x=\dimen149
\pgf@y=\dimen150
\pgf@xa=\dimen151
\pgf@ya=\dimen152
\pgf@xb=\dimen153
\pgf@yb=\dimen154
\pgf@xc=\dimen155
\pgf@yc=\dimen156
\pgf@xd=\dimen157
\pgf@yd=\dimen158
\w@pgf@writea=\write3
\r@pgf@reada=\read3
\c@pgf@counta=\count190
\c@pgf@countb=\count191
\c@pgf@countc=\count192
\c@pgf@countd=\count193
\t@pgf@toka=\toks35
\t@pgf@tokb=\toks36
\t@pgf@tokc=\toks37
\pgf@sys@id@count=\count194

(/nix/store/i7x45x6ayv3j4mkkxf4sljpn5cqgyx85-texlive-combined-full-2019/share/t
exmf/tex/generic/pgf/systemlayer/pgf.cfg
File: pgf.cfg 2020/01/08 v3.1.5b (3.1.5b)
)
Driver file for pgf: pgfsys-pdftex.def

(/nix/store/i7x45x6ayv3j4mkkxf4sljpn5cqgyx85-texlive-combined-full-2019/share/t
exmf/tex/generic/pgf/systemlayer/pgfsys-pdftex.def
File: pgfsys-pdftex.def 2020/01/08 v3.1.5b (3.1.5b)

(/nix/store/i7x45x6ayv3j4mkkxf4sljpn5cqgyx85-texlive-combined-full-2019/share/t
exmf/tex/generic/pgf/systemlayer/pgfsys-common-pdf.def
File: pgfsys-common-pdf.def 2020/01/08 v3.1.5b (3.1.5b)
)))
(/nix/store/i7x45x6ayv3j4mkkxf4sljpn5cqgyx85-texlive-combined-full-2019/share/t
exmf/tex/generic/pgf/systemlayer/pgfsyssoftpath.code.tex
File: pgfsyssoftpath.code.tex 2020/01/08 v3.1.5b (3.1.5b)
\pgfsyssoftpath@smallbuffer@items=\count195
\pgfsyssoftpath@bigbuffer@items=\count196
)
(/nix/store/i7x45x6ayv3j4mkkxf4sljpn5cqgyx85-texlive-combined-full-2019/share/t
exmf/tex/generic/pgf/systemlayer/pgfsysprotocol.code.tex
File: pgfsysprotocol.code.tex 2020/01/08 v3.1.5b (3.1.5b)
))
(/nix/store/i7x45x6ayv3j4mkkxf4sljpn5cqgyx85-texlive-combined-full-2019/share/t
exmf/tex/generic/pgf/basiclayer/pgfcore.code.tex
Package: pgfcore 2020/01/08 v3.1.5b (3.1.5b)

(/nix/store/i7x45x6ayv3j4mkkxf4sljpn5cqgyx85-texlive-combined-full-2019/share/t
exmf/tex/generic/pgf/math/pgfmath.code.tex
(/nix/store/i7x45x6ayv3j4mkkxf4sljpn5cqgyx85-texlive-combined-full-2019/share/t
exmf/tex/generic/pgf/math/pgfmathcalc.code.tex
(/nix/store/i7x45x6ayv3j4mkkxf4sljpn5cqgyx85-texlive-combined-full-2019/share/t
exmf/tex/generic/pgf/math/pgfmathutil.code.tex)
(/nix/store/i7x45x6ayv3j4mkkxf4sljpn5cqgyx85-texlive-combined-full-2019/share/t
exmf/tex/generic/pgf/math/pgfmathparser.code.tex
\pgfmath@dimen=\dimen159
\pgfmath@count=\count197
\pgfmath@box=\box48
\pgfmath@toks=\toks38
\pgfmath@stack@operand=\toks39
\pgfmath@stack@operation=\toks40
)
(/nix/store/i7x45x6ayv3j4mkkxf4sljpn5cqgyx85-texlive-combined-full-2019/share/t
exmf/tex/generic/pgf/math/pgfmathfunctions.code.tex
(/nix/store/i7x45x6ayv3j4mkkxf4sljpn5cqgyx85-texlive-combined-full-2019/share/t
exmf/tex/generic/pgf/math/pgfmathfunctions.basic.code.tex)
(/nix/store/i7x45x6ayv3j4mkkxf4sljpn5cqgyx85-texlive-combined-full-2019/share/t
exmf/tex/generic/pgf/math/pgfmathfunctions.trigonometric.code.tex)
(/nix/store/i7x45x6ayv3j4mkkxf4sljpn5cqgyx85-texlive-combined-full-2019/share/t
exmf/tex/generic/pgf/math/pgfmathfunctions.random.code.tex)
(/nix/store/i7x45x6ayv3j4mkkxf4sljpn5cqgyx85-texlive-combined-full-2019/share/t
exmf/tex/generic/pgf/math/pgfmathfunctions.comparison.code.tex)
(/nix/store/i7x45x6ayv3j4mkkxf4sljpn5cqgyx85-texlive-combined-full-2019/share/t
exmf/tex/generic/pgf/math/pgfmathfunctions.base.code.tex)
(/nix/store/i7x45x6ayv3j4mkkxf4sljpn5cqgyx85-texlive-combined-full-2019/share/t
exmf/tex/generic/pgf/math/pgfmathfunctions.round.code.tex)
(/nix/store/i7x45x6ayv3j4mkkxf4sljpn5cqgyx85-texlive-combined-full-2019/share/t
exmf/tex/generic/pgf/math/pgfmathfunctions.misc.code.tex)
(/nix/store/i7x45x6ayv3j4mkkxf4sljpn5cqgyx85-texlive-combined-full-2019/share/t
exmf/tex/generic/pgf/math/pgfmathfunctions.integerarithmetics.code.tex)))
(/nix/store/i7x45x6ayv3j4mkkxf4sljpn5cqgyx85-texlive-combined-full-2019/share/t
exmf/tex/generic/pgf/math/pgfmathfloat.code.tex
\c@pgfmathroundto@lastzeros=\count198
))
(/nix/store/i7x45x6ayv3j4mkkxf4sljpn5cqgyx85-texlive-combined-full-2019/share/t
exmf/tex/generic/pgf/math/pgfint.code.tex)
(/nix/store/i7x45x6ayv3j4mkkxf4sljpn5cqgyx85-texlive-combined-full-2019/share/t
exmf/tex/generic/pgf/basiclayer/pgfcorepoints.code.tex
File: pgfcorepoints.code.tex 2020/01/08 v3.1.5b (3.1.5b)
\pgf@picminx=\dimen160
\pgf@picmaxx=\dimen161
\pgf@picminy=\dimen162
\pgf@picmaxy=\dimen163
\pgf@pathminx=\dimen164
\pgf@pathmaxx=\dimen165
\pgf@pathminy=\dimen166
\pgf@pathmaxy=\dimen167
\pgf@xx=\dimen168
\pgf@xy=\dimen169
\pgf@yx=\dimen170
\pgf@yy=\dimen171
\pgf@zx=\dimen172
\pgf@zy=\dimen173
)
(/nix/store/i7x45x6ayv3j4mkkxf4sljpn5cqgyx85-texlive-combined-full-2019/share/t
exmf/tex/generic/pgf/basiclayer/pgfcorepathconstruct.code.tex
File: pgfcorepathconstruct.code.tex 2020/01/08 v3.1.5b (3.1.5b)
\pgf@path@lastx=\dimen174
\pgf@path@lasty=\dimen175
)
(/nix/store/i7x45x6ayv3j4mkkxf4sljpn5cqgyx85-texlive-combined-full-2019/share/t
exmf/tex/generic/pgf/basiclayer/pgfcorepathusage.code.tex
File: pgfcorepathusage.code.tex 2020/01/08 v3.1.5b (3.1.5b)
\pgf@shorten@end@additional=\dimen176
\pgf@shorten@start@additional=\dimen177
)
(/nix/store/i7x45x6ayv3j4mkkxf4sljpn5cqgyx85-texlive-combined-full-2019/share/t
exmf/tex/generic/pgf/basiclayer/pgfcorescopes.code.tex
File: pgfcorescopes.code.tex 2020/01/08 v3.1.5b (3.1.5b)
\pgfpic=\box49
\pgf@hbox=\box50
\pgf@layerbox@main=\box51
\pgf@picture@serial@count=\count199
)
(/nix/store/i7x45x6ayv3j4mkkxf4sljpn5cqgyx85-texlive-combined-full-2019/share/t
exmf/tex/generic/pgf/basiclayer/pgfcoregraphicstate.code.tex
File: pgfcoregraphicstate.code.tex 2020/01/08 v3.1.5b (3.1.5b)
\pgflinewidth=\dimen178
)
(/nix/store/i7x45x6ayv3j4mkkxf4sljpn5cqgyx85-texlive-combined-full-2019/share/t
exmf/tex/generic/pgf/basiclayer/pgfcoretransformations.code.tex
File: pgfcoretransformations.code.tex 2020/01/08 v3.1.5b (3.1.5b)
\pgf@pt@x=\dimen179
\pgf@pt@y=\dimen180
\pgf@pt@temp=\dimen181
)
(/nix/store/i7x45x6ayv3j4mkkxf4sljpn5cqgyx85-texlive-combined-full-2019/share/t
exmf/tex/generic/pgf/basiclayer/pgfcorequick.code.tex
File: pgfcorequick.code.tex 2020/01/08 v3.1.5b (3.1.5b)
)
(/nix/store/i7x45x6ayv3j4mkkxf4sljpn5cqgyx85-texlive-combined-full-2019/share/t
exmf/tex/generic/pgf/basiclayer/pgfcoreobjects.code.tex
File: pgfcoreobjects.code.tex 2020/01/08 v3.1.5b (3.1.5b)
)
(/nix/store/i7x45x6ayv3j4mkkxf4sljpn5cqgyx85-texlive-combined-full-2019/share/t
exmf/tex/generic/pgf/basiclayer/pgfcorepathprocessing.code.tex
File: pgfcorepathprocessing.code.tex 2020/01/08 v3.1.5b (3.1.5b)
)
(/nix/store/i7x45x6ayv3j4mkkxf4sljpn5cqgyx85-texlive-combined-full-2019/share/t
exmf/tex/generic/pgf/basiclayer/pgfcorearrows.code.tex
File: pgfcorearrows.code.tex 2020/01/08 v3.1.5b (3.1.5b)
\pgfarrowsep=\dimen182
)
(/nix/store/i7x45x6ayv3j4mkkxf4sljpn5cqgyx85-texlive-combined-full-2019/share/t
exmf/tex/generic/pgf/basiclayer/pgfcoreshade.code.tex
File: pgfcoreshade.code.tex 2020/01/08 v3.1.5b (3.1.5b)
\pgf@max=\dimen183
\pgf@sys@shading@range@num=\count266
\pgf@shadingcount=\count267
)
(/nix/store/i7x45x6ayv3j4mkkxf4sljpn5cqgyx85-texlive-combined-full-2019/share/t
exmf/tex/generic/pgf/basiclayer/pgfcoreimage.code.tex
File: pgfcoreimage.code.tex 2020/01/08 v3.1.5b (3.1.5b)

(/nix/store/i7x45x6ayv3j4mkkxf4sljpn5cqgyx85-texlive-combined-full-2019/share/t
exmf/tex/generic/pgf/basiclayer/pgfcoreexternal.code.tex
File: pgfcoreexternal.code.tex 2020/01/08 v3.1.5b (3.1.5b)
\pgfexternal@startupbox=\box52
))
(/nix/store/i7x45x6ayv3j4mkkxf4sljpn5cqgyx85-texlive-combined-full-2019/share/t
exmf/tex/generic/pgf/basiclayer/pgfcorelayers.code.tex
File: pgfcorelayers.code.tex 2020/01/08 v3.1.5b (3.1.5b)
)
(/nix/store/i7x45x6ayv3j4mkkxf4sljpn5cqgyx85-texlive-combined-full-2019/share/t
exmf/tex/generic/pgf/basiclayer/pgfcoretransparency.code.tex
File: pgfcoretransparency.code.tex 2020/01/08 v3.1.5b (3.1.5b)
)
(/nix/store/i7x45x6ayv3j4mkkxf4sljpn5cqgyx85-texlive-combined-full-2019/share/t
exmf/tex/generic/pgf/basiclayer/pgfcorepatterns.code.tex
File: pgfcorepatterns.code.tex 2020/01/08 v3.1.5b (3.1.5b)
)
(/nix/store/i7x45x6ayv3j4mkkxf4sljpn5cqgyx85-texlive-combined-full-2019/share/t
exmf/tex/generic/pgf/basiclayer/pgfcorerdf.code.tex
File: pgfcorerdf.code.tex 2020/01/08 v3.1.5b (3.1.5b)
)))
(/nix/store/i7x45x6ayv3j4mkkxf4sljpn5cqgyx85-texlive-combined-full-2019/share/t
exmf/tex/generic/pgf/modules/pgfmoduleshapes.code.tex
File: pgfmoduleshapes.code.tex 2020/01/08 v3.1.5b (3.1.5b)
\pgfnodeparttextbox=\box53
)
(/nix/store/i7x45x6ayv3j4mkkxf4sljpn5cqgyx85-texlive-combined-full-2019/share/t
exmf/tex/generic/pgf/modules/pgfmoduleplot.code.tex
File: pgfmoduleplot.code.tex 2020/01/08 v3.1.5b (3.1.5b)
)
(/nix/store/i7x45x6ayv3j4mkkxf4sljpn5cqgyx85-texlive-combined-full-2019/share/t
exmf/tex/latex/pgf/compatibility/pgfcomp-version-0-65.sty
Package: pgfcomp-version-0-65 2020/01/08 v3.1.5b (3.1.5b)
\pgf@nodesepstart=\dimen184
\pgf@nodesepend=\dimen185
)
(/nix/store/i7x45x6ayv3j4mkkxf4sljpn5cqgyx85-texlive-combined-full-2019/share/t
exmf/tex/latex/pgf/compatibility/pgfcomp-version-1-18.sty
Package: pgfcomp-version-1-18 2020/01/08 v3.1.5b (3.1.5b)
))
(/nix/store/i7x45x6ayv3j4mkkxf4sljpn5cqgyx85-texlive-combined-full-2019/share/t
exmf/tex/latex/pgf/utilities/pgffor.sty
(/nix/store/i7x45x6ayv3j4mkkxf4sljpn5cqgyx85-texlive-combined-full-2019/share/t
exmf/tex/latex/pgf/utilities/pgfkeys.sty
(/nix/store/i7x45x6ayv3j4mkkxf4sljpn5cqgyx85-texlive-combined-full-2019/share/t
exmf/tex/generic/pgf/utilities/pgfkeys.code.tex))
(/nix/store/i7x45x6ayv3j4mkkxf4sljpn5cqgyx85-texlive-combined-full-2019/share/t
exmf/tex/latex/pgf/math/pgfmath.sty
(/nix/store/i7x45x6ayv3j4mkkxf4sljpn5cqgyx85-texlive-combined-full-2019/share/t
exmf/tex/generic/pgf/math/pgfmath.code.tex))
(/nix/store/i7x45x6ayv3j4mkkxf4sljpn5cqgyx85-texlive-combined-full-2019/share/t
exmf/tex/generic/pgf/utilities/pgffor.code.tex
Package: pgffor 2020/01/08 v3.1.5b (3.1.5b)

(/nix/store/i7x45x6ayv3j4mkkxf4sljpn5cqgyx85-texlive-combined-full-2019/share/t
exmf/tex/generic/pgf/math/pgfmath.code.tex)
\pgffor@iter=\dimen186
\pgffor@skip=\dimen187
\pgffor@stack=\toks41
\pgffor@toks=\toks42
))
(/nix/store/i7x45x6ayv3j4mkkxf4sljpn5cqgyx85-texlive-combined-full-2019/share/t
exmf/tex/generic/pgf/frontendlayer/tikz/tikz.code.tex
Package: tikz 2020/01/08 v3.1.5b (3.1.5b)

(/nix/store/i7x45x6ayv3j4mkkxf4sljpn5cqgyx85-texlive-combined-full-2019/share/t
exmf/tex/generic/pgf/libraries/pgflibraryplothandlers.code.tex
File: pgflibraryplothandlers.code.tex 2020/01/08 v3.1.5b (3.1.5b)
\pgf@plot@mark@count=\count268
\pgfplotmarksize=\dimen188
)
\tikz@lastx=\dimen189
\tikz@lasty=\dimen190
\tikz@lastxsaved=\dimen191
\tikz@lastysaved=\dimen192
\tikz@lastmovetox=\dimen193
\tikz@lastmovetoy=\dimen194
\tikzleveldistance=\dimen195
\tikzsiblingdistance=\dimen196
\tikz@figbox=\box54
\tikz@figbox@bg=\box55
\tikz@tempbox=\box56
\tikz@tempbox@bg=\box57
\tikztreelevel=\count269
\tikznumberofchildren=\count270
\tikznumberofcurrentchild=\count271
\tikz@fig@count=\count272

(/nix/store/i7x45x6ayv3j4mkkxf4sljpn5cqgyx85-texlive-combined-full-2019/share/t
exmf/tex/generic/pgf/modules/pgfmodulematrix.code.tex
File: pgfmodulematrix.code.tex 2020/01/08 v3.1.5b (3.1.5b)
\pgfmatrixcurrentrow=\count273
\pgfmatrixcurrentcolumn=\count274
\pgf@matrix@numberofcolumns=\count275
)
\tikz@expandcount=\count276

(/nix/store/i7x45x6ayv3j4mkkxf4sljpn5cqgyx85-texlive-combined-full-2019/share/t
exmf/tex/generic/pgf/frontendlayer/tikz/libraries/tikzlibrarytopaths.code.tex
File: tikzlibrarytopaths.code.tex 2020/01/08 v3.1.5b (3.1.5b)
)))
(/nix/store/i7x45x6ayv3j4mkkxf4sljpn5cqgyx85-texlive-combined-full-2019/share/t
exmf/tex/generic/pgf/frontendlayer/tikz/libraries/tikzlibrarypositioning.code.t
ex
File: tikzlibrarypositioning.code.tex 2020/01/08 v3.1.5b (3.1.5b)
)
(/nix/store/i7x45x6ayv3j4mkkxf4sljpn5cqgyx85-texlive-combined-full-2019/share/t
exmf/tex/generic/pgf/frontendlayer/tikz/libraries/tikzlibraryshadows.code.tex
File: tikzlibraryshadows.code.tex 2020/01/08 v3.1.5b (3.1.5b)

(/nix/store/i7x45x6ayv3j4mkkxf4sljpn5cqgyx85-texlive-combined-full-2019/share/t
exmf/tex/generic/pgf/frontendlayer/tikz/libraries/tikzlibraryfadings.code.tex
File: tikzlibraryfadings.code.tex 2020/01/08 v3.1.5b (3.1.5b)

(/nix/store/i7x45x6ayv3j4mkkxf4sljpn5cqgyx85-texlive-combined-full-2019/share/t
exmf/tex/generic/pgf/libraries/pgflibraryfadings.code.tex
File: pgflibraryfadings.code.tex 2020/01/08 v3.1.5b (3.1.5b)
)))
(/nix/store/i7x45x6ayv3j4mkkxf4sljpn5cqgyx85-texlive-combined-full-2019/share/t
exmf/tex/latex/tools/calc.sty
Package: calc 2017/05/25 v4.3 Infix arithmetic (KKT,FJ)
\calc@Acount=\count277
\calc@Bcount=\count278
\calc@Adimen=\dimen197
\calc@Bdimen=\dimen198
\calc@Askip=\skip55
\calc@Bskip=\skip56
LaTeX Info: Redefining \setlength on input line 80.
LaTeX Info: Redefining \addtolength on input line 81.
\calc@Ccount=\count279
\calc@Cskip=\skip57
)
\c@@todonotes@numberoftodonotes=\count280
) (./preamble/commands.tex))
(/nix/store/i7x45x6ayv3j4mkkxf4sljpn5cqgyx85-texlive-combined-full-2019/share/t
exmf/tex/latex/l3backend/l3backend-pdfmode.def
File: l3backend-pdfmode.def 2020-02-23 L3 backend support: PDF mode
\l__kernel_color_stack_int=\count281
\l__pdf_internal_box=\box58
) (./job-manual.aux)
\openout1 = `job-manual.aux'.

LaTeX Font Info:    Checking defaults for OML/cmm/m/it on input line 8.
LaTeX Font Info:    ... okay on input line 8.
LaTeX Font Info:    Checking defaults for OMS/cmsy/m/n on input line 8.
LaTeX Font Info:    ... okay on input line 8.
LaTeX Font Info:    Checking defaults for OT1/cmr/m/n on input line 8.
LaTeX Font Info:    ... okay on input line 8.
LaTeX Font Info:    Checking defaults for T1/cmr/m/n on input line 8.
LaTeX Font Info:    ... okay on input line 8.
LaTeX Font Info:    Checking defaults for TS1/cmr/m/n on input line 8.
LaTeX Font Info:    ... okay on input line 8.
LaTeX Font Info:    Checking defaults for OMX/cmex/m/n on input line 8.
LaTeX Font Info:    ... okay on input line 8.
LaTeX Font Info:    Checking defaults for U/cmr/m/n on input line 8.
LaTeX Font Info:    ... okay on input line 8.

(/nix/store/i7x45x6ayv3j4mkkxf4sljpn5cqgyx85-texlive-combined-full-2019/share/t
exmf/tex/context/base/mkii/supp-pdf.mkii
[Loading MPS to PDF converter (version 2006.09.02).]
\scratchcounter=\count282
\scratchdimen=\dimen199
\scratchbox=\box59
\nofMPsegments=\count283
\nofMParguments=\count284
\everyMPshowfont=\toks43
\MPscratchCnt=\count285
\MPscratchDim=\dimen256
\MPnumerator=\count286
\makeMPintoPDFobject=\count287
\everyMPtoPDFconversion=\toks44
)
(/nix/store/i7x45x6ayv3j4mkkxf4sljpn5cqgyx85-texlive-combined-full-2019/share/t
exmf/tex/latex/epstopdf-pkg/epstopdf-base.sty
Package: epstopdf-base 2020-01-24 v2.11 Base part for package epstopdf
Package epstopdf-base Info: Redefining graphics rule for `.eps' on input line 4
85.

(/nix/store/i7x45x6ayv3j4mkkxf4sljpn5cqgyx85-texlive-combined-full-2019/share/t
exmf/tex/latex/latexconfig/epstopdf-sys.cfg
File: epstopdf-sys.cfg 2010/07/13 v1.3 Configuration of (r)epstopdf for TeX Liv
e
))
ABD: EveryShipout initializing macros [1

{/nix/store/i7x45x6ayv3j4mkkxf4sljpn5cqgyx85-texlive-combined-full-2019/share/t
exmf-var/fonts/map/pdftex/updmap/pdftex.map}]
Underfull \hbox (badness 10000) in paragraph at lines 68--69

 []

[2] (./job-manual.aux) ) 
Here is how much of TeX's memory you used:
 13457 strings out of 480994
 279942 string characters out of 5888645
 499264 words of memory out of 5000000
 28703 multiletter control sequences out of 15000+600000
 539456 words of font info for 48 fonts, out of 8000000 for 9000
 1141 hyphenation exceptions out of 8191
 71i,6n,85p,530b,185s stack positions out of 5000i,500n,10000p,200000b,80000s
</nix/store/i7x45x6ayv3j4mkkxf4sljpn5cqgyx85-texlive-co
mbined-full-2019/share/texmf/fonts/type1/public/amsfonts/cm/cmbx10.pfb></nix/st
ore/i7x45x6ayv3j4mkkxf4sljpn5cqgyx85-texlive-combined-full-2019/share/texmf/fon
ts/type1/public/amsfonts/cm/cmbx12.pfb></nix/store/i7x45x6ayv3j4mkkxf4sljpn5cqg
yx85-texlive-combined-full-2019/share/texmf/fonts/type1/public/amsfonts/cm/cmbx
ti10.pfb></nix/store/i7x45x6ayv3j4mkkxf4sljpn5cqgyx85-texlive-combined-full-201
9/share/texmf/fonts/type1/public/amsfonts/cm/cmr10.pfb></nix/store/i7x45x6ayv3j
4mkkxf4sljpn5cqgyx85-texlive-combined-full-2019/share/texmf/fonts/type1/public/
amsfonts/cm/cmr12.pfb></nix/store/i7x45x6ayv3j4mkkxf4sljpn5cqgyx85-texlive-comb
ined-full-2019/share/texmf/fonts/type1/public/amsfonts/cm/cmr17.pfb></nix/store
/i7x45x6ayv3j4mkkxf4sljpn5cqgyx85-texlive-combined-full-2019/share/texmf/fonts/
type1/public/amsfonts/cm/cmti10.pfb>
Output written on job-manual.pdf (2 pages, 98937 bytes).
PDF statistics:
 66 PDF objects out of 1000 (max. 8388607)
 38 compressed objects within 1 object stream
 0 named destinations out of 1000 (max. 500000)
 109 words of extra memory for PDF output out of 10000 (max. 10000000)

