This is pdfTeX, Version 3.14159265-2.6-1.40.20 (TeX Live 2019/NixOS.org) (preloaded format=pdflatex 2021.4.10)  5 MAY 2021 20:51
entering extended mode
 restricted \write18 enabled.
 %&-line parsing enabled.
**web-manual.tex
(./web-manual.tex
LaTeX2e <2020-02-02> patch level 5
L3 programming layer <2020-02-25>
(/nix/store/i7x45x6ayv3j4mkkxf4sljpn5cqgyx85-texlive-combined-full-2019/share/t
exmf/tex/latex/base/article.cls
Document Class: article 2019/12/20 v1.4l Standard LaTeX document class

(/nix/store/i7x45x6ayv3j4mkkxf4sljpn5cqgyx85-texlive-combined-full-2019/share/t
exmf/tex/latex/base/size10.clo
File: size10.clo 2019/12/20 v1.4l Standard LaTeX file (size option)
)
\c@part=\count167
\c@section=\count168
\c@subsection=\count169
\c@subsubsection=\count170
\c@paragraph=\count171
\c@subparagraph=\count172
\c@figure=\count173
\c@table=\count174
\abovecaptionskip=\skip47
\belowcaptionskip=\skip48
\bibindent=\dimen134
) (./preamble/preamble.tex
(/nix/store/i7x45x6ayv3j4mkkxf4sljpn5cqgyx85-texlive-combined-full-2019/share/t
exmf/tex/generic/babel/babel.sty
Package: babel 2020/02/28 3.41 The Babel package

(/nix/store/i7x45x6ayv3j4mkkxf4sljpn5cqgyx85-texlive-combined-full-2019/share/t
exmf/tex/generic/babel/switch.def
File: switch.def 2020/02/28 3.41 Babel switching mechanism
)
(/nix/store/i7x45x6ayv3j4mkkxf4sljpn5cqgyx85-texlive-combined-full-2019/share/t
exmf/tex/generic/babel-english/english.ldf
Language: english 2017/06/06 v3.3r English support from the babel system

(/nix/store/i7x45x6ayv3j4mkkxf4sljpn5cqgyx85-texlive-combined-full-2019/share/t
exmf/tex/generic/babel/babel.def
File: babel.def 2020/02/28 3.41 Babel common definitions
\babel@savecnt=\count175
\U@D=\dimen135

(/nix/store/i7x45x6ayv3j4mkkxf4sljpn5cqgyx85-texlive-combined-full-2019/share/t
exmf/tex/generic/babel/txtbabel.def)
\bbl@readstream=\read2
\bbl@dirlevel=\count176
)
Package babel Info: \l@canadian = using hyphenrules for english
(babel)             (\language0) on input line 102.
Package babel Info: \l@australian = using hyphenrules for ukenglish
(babel)             (\language21) on input line 105.
Package babel Info: \l@newzealand = using hyphenrules for ukenglish
(babel)             (\language21) on input line 108.
))
(/nix/store/i7x45x6ayv3j4mkkxf4sljpn5cqgyx85-texlive-combined-full-2019/share/t
exmf/tex/latex/base/inputenc.sty
Package: inputenc 2018/08/11 v1.3c Input encoding file
\inpenc@prehook=\toks15
\inpenc@posthook=\toks16
)
(/nix/store/i7x45x6ayv3j4mkkxf4sljpn5cqgyx85-texlive-combined-full-2019/share/t
exmf/tex/latex/amsmath/amsmath.sty
Package: amsmath 2020/01/20 v2.17e AMS math features
\@mathmargin=\skip49

For additional information on amsmath, use the `?' option.

(/nix/store/i7x45x6ayv3j4mkkxf4sljpn5cqgyx85-texlive-combined-full-2019/share/t
exmf/tex/latex/amsmath/amstext.sty
Package: amstext 2000/06/29 v2.01 AMS text

(/nix/store/i7x45x6ayv3j4mkkxf4sljpn5cqgyx85-texlive-combined-full-2019/share/t
exmf/tex/latex/amsmath/amsgen.sty
File: amsgen.sty 1999/11/30 v2.0 generic functions
\@emptytoks=\toks17
\ex@=\dimen136
))
(/nix/store/i7x45x6ayv3j4mkkxf4sljpn5cqgyx85-texlive-combined-full-2019/share/t
exmf/tex/latex/amsmath/amsbsy.sty
Package: amsbsy 1999/11/29 v1.2d Bold Symbols
\pmbraise@=\dimen137
)
(/nix/store/i7x45x6ayv3j4mkkxf4sljpn5cqgyx85-texlive-combined-full-2019/share/t
exmf/tex/latex/amsmath/amsopn.sty
Package: amsopn 2016/03/08 v2.02 operator names
)
\inf@bad=\count177
LaTeX Info: Redefining \frac on input line 227.
\uproot@=\count178
\leftroot@=\count179
LaTeX Info: Redefining \overline on input line 389.
\classnum@=\count180
\DOTSCASE@=\count181
LaTeX Info: Redefining \ldots on input line 486.
LaTeX Info: Redefining \dots on input line 489.
LaTeX Info: Redefining \cdots on input line 610.
\Mathstrutbox@=\box45
\strutbox@=\box46
\big@size=\dimen138
LaTeX Font Info:    Redeclaring font encoding OML on input line 733.
LaTeX Font Info:    Redeclaring font encoding OMS on input line 734.
\macc@depth=\count182
\c@MaxMatrixCols=\count183
\dotsspace@=\muskip16
\c@parentequation=\count184
\dspbrk@lvl=\count185
\tag@help=\toks18
\row@=\count186
\column@=\count187
\maxfields@=\count188
\andhelp@=\toks19
\eqnshift@=\dimen139
\alignsep@=\dimen140
\tagshift@=\dimen141
\tagwidth@=\dimen142
\totwidth@=\dimen143
\lineht@=\dimen144
\@envbody=\toks20
\multlinegap=\skip50
\multlinetaggap=\skip51
\mathdisplay@stack=\toks21
LaTeX Info: Redefining \[ on input line 2859.
LaTeX Info: Redefining \] on input line 2860.
)
(/nix/store/i7x45x6ayv3j4mkkxf4sljpn5cqgyx85-texlive-combined-full-2019/share/t
exmf/tex/latex/amscls/amsthm.sty
Package: amsthm 2017/10/31 v2.20.4
\thm@style=\toks22
\thm@bodyfont=\toks23
\thm@headfont=\toks24
\thm@notefont=\toks25
\thm@headpunct=\toks26
\thm@preskip=\skip52
\thm@postskip=\skip53
\thm@headsep=\skip54
\dth@everypar=\toks27
)
(/nix/store/i7x45x6ayv3j4mkkxf4sljpn5cqgyx85-texlive-combined-full-2019/share/t
exmf/tex/latex/graphics/graphicx.sty
Package: graphicx 2019/11/30 v1.2a Enhanced LaTeX Graphics (DPC,SPQR)

(/nix/store/i7x45x6ayv3j4mkkxf4sljpn5cqgyx85-texlive-combined-full-2019/share/t
exmf/tex/latex/graphics/keyval.sty
Package: keyval 2014/10/28 v1.15 key=value parser (DPC)
\KV@toks@=\toks28
)
(/nix/store/i7x45x6ayv3j4mkkxf4sljpn5cqgyx85-texlive-combined-full-2019/share/t
exmf/tex/latex/graphics/graphics.sty
Package: graphics 2019/11/30 v1.4a Standard LaTeX Graphics (DPC,SPQR)

(/nix/store/i7x45x6ayv3j4mkkxf4sljpn5cqgyx85-texlive-combined-full-2019/share/t
exmf/tex/latex/graphics/trig.sty
Package: trig 2016/01/03 v1.10 sin cos tan (DPC)
)
(/nix/store/i7x45x6ayv3j4mkkxf4sljpn5cqgyx85-texlive-combined-full-2019/share/t
exmf/tex/latex/graphics-cfg/graphics.cfg
File: graphics.cfg 2016/06/04 v1.11 sample graphics configuration
)
Package graphics Info: Driver file: pdftex.def on input line 105.

(/nix/store/i7x45x6ayv3j4mkkxf4sljpn5cqgyx85-texlive-combined-full-2019/share/t
exmf/tex/latex/graphics-def/pdftex.def
File: pdftex.def 2018/01/08 v1.0l Graphics/color driver for pdftex
))
\Gin@req@height=\dimen145
\Gin@req@width=\dimen146
)
(/nix/store/i7x45x6ayv3j4mkkxf4sljpn5cqgyx85-texlive-combined-full-2019/share/t
exmf/tex/latex/todonotes/todonotes.sty
Package: todonotes 2019/01/24 v1.1.2 Todonotes source and documentation.
Package: todonotes 2018/11/22

(/nix/store/i7x45x6ayv3j4mkkxf4sljpn5cqgyx85-texlive-combined-full-2019/share/t
exmf/tex/latex/base/ifthen.sty
Package: ifthen 2014/09/29 v1.1c Standard LaTeX ifthen package (DPC)
)
(/nix/store/i7x45x6ayv3j4mkkxf4sljpn5cqgyx85-texlive-combined-full-2019/share/t
exmf/tex/latex/xkeyval/xkeyval.sty
Package: xkeyval 2014/12/03 v2.7a package option processing (HA)

(/nix/store/i7x45x6ayv3j4mkkxf4sljpn5cqgyx85-texlive-combined-full-2019/share/t
exmf/tex/generic/xkeyval/xkeyval.tex
(/nix/store/i7x45x6ayv3j4mkkxf4sljpn5cqgyx85-texlive-combined-full-2019/share/t
exmf/tex/generic/xkeyval/xkvutils.tex
\XKV@toks=\toks29
\XKV@tempa@toks=\toks30
)
\XKV@depth=\count189
File: xkeyval.tex 2014/12/03 v2.7a key=value parser (HA)
))
(/nix/store/i7x45x6ayv3j4mkkxf4sljpn5cqgyx85-texlive-combined-full-2019/share/t
exmf/tex/latex/xcolor/xcolor.sty
Package: xcolor 2016/05/11 v2.12 LaTeX color extensions (UK)

(/nix/store/i7x45x6ayv3j4mkkxf4sljpn5cqgyx85-texlive-combined-full-2019/share/t
exmf/tex/latex/graphics-cfg/color.cfg
File: color.cfg 2016/01/02 v1.6 sample color configuration
)
Package xcolor Info: Driver file: pdftex.def on input line 225.
Package xcolor Info: Model `cmy' substituted by `cmy0' on input line 1348.
Package xcolor Info: Model `hsb' substituted by `rgb' on input line 1352.
Package xcolor Info: Model `RGB' extended on input line 1364.
Package xcolor Info: Model `HTML' substituted by `rgb' on input line 1366.
Package xcolor Info: Model `Hsb' substituted by `hsb' on input line 1367.
Package xcolor Info: Model `tHsb' substituted by `hsb' on input line 1368.
Package xcolor Info: Model `HSB' substituted by `hsb' on input line 1369.
Package xcolor Info: Model `Gray' substituted by `gray' on input line 1370.
Package xcolor Info: Model `wave' substituted by `hsb' on input line 1371.
)
(/nix/store/i7x45x6ayv3j4mkkxf4sljpn5cqgyx85-texlive-combined-full-2019/share/t
exmf/tex/latex/pgf/frontendlayer/tikz.sty
(/nix/store/i7x45x6ayv3j4mkkxf4sljpn5cqgyx85-texlive-combined-full-2019/share/t
exmf/tex/latex/pgf/basiclayer/pgf.sty
(/nix/store/i7x45x6ayv3j4mkkxf4sljpn5cqgyx85-texlive-combined-full-2019/share/t
exmf/tex/latex/pgf/utilities/pgfrcs.sty
(/nix/store/i7x45x6ayv3j4mkkxf4sljpn5cqgyx85-texlive-combined-full-2019/share/t
exmf/tex/generic/pgf/utilities/pgfutil-common.tex
\pgfutil@everybye=\toks31
\pgfutil@tempdima=\dimen147
\pgfutil@tempdimb=\dimen148

(/nix/store/i7x45x6ayv3j4mkkxf4sljpn5cqgyx85-texlive-combined-full-2019/share/t
exmf/tex/generic/pgf/utilities/pgfutil-common-lists.tex))
(/nix/store/i7x45x6ayv3j4mkkxf4sljpn5cqgyx85-texlive-combined-full-2019/share/t
exmf/tex/generic/pgf/utilities/pgfutil-latex.def
\pgfutil@abb=\box47

(/nix/store/i7x45x6ayv3j4mkkxf4sljpn5cqgyx85-texlive-combined-full-2019/share/t
exmf/tex/latex/ms/everyshi.sty
Package: everyshi 2001/05/15 v3.00 EveryShipout Package (MS)
))
(/nix/store/i7x45x6ayv3j4mkkxf4sljpn5cqgyx85-texlive-combined-full-2019/share/t
exmf/tex/generic/pgf/utilities/pgfrcs.code.tex
(/nix/store/i7x45x6ayv3j4mkkxf4sljpn5cqgyx85-texlive-combined-full-2019/share/t
exmf/tex/generic/pgf/pgf.revision.tex)
Package: pgfrcs 2020/01/08 v3.1.5b (3.1.5b)
))
Package: pgf 2020/01/08 v3.1.5b (3.1.5b)

(/nix/store/i7x45x6ayv3j4mkkxf4sljpn5cqgyx85-texlive-combined-full-2019/share/t
exmf/tex/latex/pgf/basiclayer/pgfcore.sty
(/nix/store/i7x45x6ayv3j4mkkxf4sljpn5cqgyx85-texlive-combined-full-2019/share/t
exmf/tex/latex/pgf/systemlayer/pgfsys.sty
(/nix/store/i7x45x6ayv3j4mkkxf4sljpn5cqgyx85-texlive-combined-full-2019/share/t
exmf/tex/generic/pgf/systemlayer/pgfsys.code.tex
Package: pgfsys 2020/01/08 v3.1.5b (3.1.5b)

(/nix/store/i7x45x6ayv3j4mkkxf4sljpn5cqgyx85-texlive-combined-full-2019/share/t
exmf/tex/generic/pgf/utilities/pgfkeys.code.tex
\pgfkeys@pathtoks=\toks32
\pgfkeys@temptoks=\toks33

(/nix/store/i7x45x6ayv3j4mkkxf4sljpn5cqgyx85-texlive-combined-full-2019/share/t
exmf/tex/generic/pgf/utilities/pgfkeysfiltered.code.tex
\pgfkeys@tmptoks=\toks34
))
\pgf@x=\dimen149
\pgf@y=\dimen150
\pgf@xa=\dimen151
\pgf@ya=\dimen152
\pgf@xb=\dimen153
\pgf@yb=\dimen154
\pgf@xc=\dimen155
\pgf@yc=\dimen156
\pgf@xd=\dimen157
\pgf@yd=\dimen158
\w@pgf@writea=\write3
\r@pgf@reada=\read3
\c@pgf@counta=\count190
\c@pgf@countb=\count191
\c@pgf@countc=\count192
\c@pgf@countd=\count193
\t@pgf@toka=\toks35
\t@pgf@tokb=\toks36
\t@pgf@tokc=\toks37
\pgf@sys@id@count=\count194

(/nix/store/i7x45x6ayv3j4mkkxf4sljpn5cqgyx85-texlive-combined-full-2019/share/t
exmf/tex/generic/pgf/systemlayer/pgf.cfg
File: pgf.cfg 2020/01/08 v3.1.5b (3.1.5b)
)
Driver file for pgf: pgfsys-pdftex.def

(/nix/store/i7x45x6ayv3j4mkkxf4sljpn5cqgyx85-texlive-combined-full-2019/share/t
exmf/tex/generic/pgf/systemlayer/pgfsys-pdftex.def
File: pgfsys-pdftex.def 2020/01/08 v3.1.5b (3.1.5b)

(/nix/store/i7x45x6ayv3j4mkkxf4sljpn5cqgyx85-texlive-combined-full-2019/share/t
exmf/tex/generic/pgf/systemlayer/pgfsys-common-pdf.def
File: pgfsys-common-pdf.def 2020/01/08 v3.1.5b (3.1.5b)
)))
(/nix/store/i7x45x6ayv3j4mkkxf4sljpn5cqgyx85-texlive-combined-full-2019/share/t
exmf/tex/generic/pgf/systemlayer/pgfsyssoftpath.code.tex
File: pgfsyssoftpath.code.tex 2020/01/08 v3.1.5b (3.1.5b)
\pgfsyssoftpath@smallbuffer@items=\count195
\pgfsyssoftpath@bigbuffer@items=\count196
)
(/nix/store/i7x45x6ayv3j4mkkxf4sljpn5cqgyx85-texlive-combined-full-2019/share/t
exmf/tex/generic/pgf/systemlayer/pgfsysprotocol.code.tex
File: pgfsysprotocol.code.tex 2020/01/08 v3.1.5b (3.1.5b)
))
(/nix/store/i7x45x6ayv3j4mkkxf4sljpn5cqgyx85-texlive-combined-full-2019/share/t
exmf/tex/generic/pgf/basiclayer/pgfcore.code.tex
Package: pgfcore 2020/01/08 v3.1.5b (3.1.5b)

(/nix/store/i7x45x6ayv3j4mkkxf4sljpn5cqgyx85-texlive-combined-full-2019/share/t
exmf/tex/generic/pgf/math/pgfmath.code.tex
(/nix/store/i7x45x6ayv3j4mkkxf4sljpn5cqgyx85-texlive-combined-full-2019/share/t
exmf/tex/generic/pgf/math/pgfmathcalc.code.tex
(/nix/store/i7x45x6ayv3j4mkkxf4sljpn5cqgyx85-texlive-combined-full-2019/share/t
exmf/tex/generic/pgf/math/pgfmathutil.code.tex)
(/nix/store/i7x45x6ayv3j4mkkxf4sljpn5cqgyx85-texlive-combined-full-2019/share/t
exmf/tex/generic/pgf/math/pgfmathparser.code.tex
\pgfmath@dimen=\dimen159
\pgfmath@count=\count197
\pgfmath@box=\box48
\pgfmath@toks=\toks38
\pgfmath@stack@operand=\toks39
\pgfmath@stack@operation=\toks40
)
(/nix/store/i7x45x6ayv3j4mkkxf4sljpn5cqgyx85-texlive-combined-full-2019/share/t
exmf/tex/generic/pgf/math/pgfmathfunctions.code.tex
(/nix/store/i7x45x6ayv3j4mkkxf4sljpn5cqgyx85-texlive-combined-full-2019/share/t
exmf/tex/generic/pgf/math/pgfmathfunctions.basic.code.tex)
(/nix/store/i7x45x6ayv3j4mkkxf4sljpn5cqgyx85-texlive-combined-full-2019/share/t
exmf/tex/generic/pgf/math/pgfmathfunctions.trigonometric.code.tex)
(/nix/store/i7x45x6ayv3j4mkkxf4sljpn5cqgyx85-texlive-combined-full-2019/share/t
exmf/tex/generic/pgf/math/pgfmathfunctions.random.code.tex)
(/nix/store/i7x45x6ayv3j4mkkxf4sljpn5cqgyx85-texlive-combined-full-2019/share/t
exmf/tex/generic/pgf/math/pgfmathfunctions.comparison.code.tex)
(/nix/store/i7x45x6ayv3j4mkkxf4sljpn5cqgyx85-texlive-combined-full-2019/share/t
exmf/tex/generic/pgf/math/pgfmathfunctions.base.code.tex)
(/nix/store/i7x45x6ayv3j4mkkxf4sljpn5cqgyx85-texlive-combined-full-2019/share/t
exmf/tex/generic/pgf/math/pgfmathfunctions.round.code.tex)
(/nix/store/i7x45x6ayv3j4mkkxf4sljpn5cqgyx85-texlive-combined-full-2019/share/t
exmf/tex/generic/pgf/math/pgfmathfunctions.misc.code.tex)
(/nix/store/i7x45x6ayv3j4mkkxf4sljpn5cqgyx85-texlive-combined-full-2019/share/t
exmf/tex/generic/pgf/math/pgfmathfunctions.integerarithmetics.code.tex)))
(/nix/store/i7x45x6ayv3j4mkkxf4sljpn5cqgyx85-texlive-combined-full-2019/share/t
exmf/tex/generic/pgf/math/pgfmathfloat.code.tex
\c@pgfmathroundto@lastzeros=\count198
))
(/nix/store/i7x45x6ayv3j4mkkxf4sljpn5cqgyx85-texlive-combined-full-2019/share/t
exmf/tex/generic/pgf/math/pgfint.code.tex)
(/nix/store/i7x45x6ayv3j4mkkxf4sljpn5cqgyx85-texlive-combined-full-2019/share/t
exmf/tex/generic/pgf/basiclayer/pgfcorepoints.code.tex
File: pgfcorepoints.code.tex 2020/01/08 v3.1.5b (3.1.5b)
\pgf@picminx=\dimen160
\pgf@picmaxx=\dimen161
\pgf@picminy=\dimen162
\pgf@picmaxy=\dimen163
\pgf@pathminx=\dimen164
\pgf@pathmaxx=\dimen165
\pgf@pathminy=\dimen166
\pgf@pathmaxy=\dimen167
\pgf@xx=\dimen168
\pgf@xy=\dimen169
\pgf@yx=\dimen170
\pgf@yy=\dimen171
\pgf@zx=\dimen172
\pgf@zy=\dimen173
)
(/nix/store/i7x45x6ayv3j4mkkxf4sljpn5cqgyx85-texlive-combined-full-2019/share/t
exmf/tex/generic/pgf/basiclayer/pgfcorepathconstruct.code.tex
File: pgfcorepathconstruct.code.tex 2020/01/08 v3.1.5b (3.1.5b)
\pgf@path@lastx=\dimen174
\pgf@path@lasty=\dimen175
)
(/nix/store/i7x45x6ayv3j4mkkxf4sljpn5cqgyx85-texlive-combined-full-2019/share/t
exmf/tex/generic/pgf/basiclayer/pgfcorepathusage.code.tex
File: pgfcorepathusage.code.tex 2020/01/08 v3.1.5b (3.1.5b)
\pgf@shorten@end@additional=\dimen176
\pgf@shorten@start@additional=\dimen177
)
(/nix/store/i7x45x6ayv3j4mkkxf4sljpn5cqgyx85-texlive-combined-full-2019/share/t
exmf/tex/generic/pgf/basiclayer/pgfcorescopes.code.tex
File: pgfcorescopes.code.tex 2020/01/08 v3.1.5b (3.1.5b)
\pgfpic=\box49
\pgf@hbox=\box50
\pgf@layerbox@main=\box51
\pgf@picture@serial@count=\count199
)
(/nix/store/i7x45x6ayv3j4mkkxf4sljpn5cqgyx85-texlive-combined-full-2019/share/t
exmf/tex/generic/pgf/basiclayer/pgfcoregraphicstate.code.tex
File: pgfcoregraphicstate.code.tex 2020/01/08 v3.1.5b (3.1.5b)
\pgflinewidth=\dimen178
)
(/nix/store/i7x45x6ayv3j4mkkxf4sljpn5cqgyx85-texlive-combined-full-2019/share/t
exmf/tex/generic/pgf/basiclayer/pgfcoretransformations.code.tex
File: pgfcoretransformations.code.tex 2020/01/08 v3.1.5b (3.1.5b)
\pgf@pt@x=\dimen179
\pgf@pt@y=\dimen180
\pgf@pt@temp=\dimen181
)
(/nix/store/i7x45x6ayv3j4mkkxf4sljpn5cqgyx85-texlive-combined-full-2019/share/t
exmf/tex/generic/pgf/basiclayer/pgfcorequick.code.tex
File: pgfcorequick.code.tex 2020/01/08 v3.1.5b (3.1.5b)
)
(/nix/store/i7x45x6ayv3j4mkkxf4sljpn5cqgyx85-texlive-combined-full-2019/share/t
exmf/tex/generic/pgf/basiclayer/pgfcoreobjects.code.tex
File: pgfcoreobjects.code.tex 2020/01/08 v3.1.5b (3.1.5b)
)
(/nix/store/i7x45x6ayv3j4mkkxf4sljpn5cqgyx85-texlive-combined-full-2019/share/t
exmf/tex/generic/pgf/basiclayer/pgfcorepathprocessing.code.tex
File: pgfcorepathprocessing.code.tex 2020/01/08 v3.1.5b (3.1.5b)
)
(/nix/store/i7x45x6ayv3j4mkkxf4sljpn5cqgyx85-texlive-combined-full-2019/share/t
exmf/tex/generic/pgf/basiclayer/pgfcorearrows.code.tex
File: pgfcorearrows.code.tex 2020/01/08 v3.1.5b (3.1.5b)
\pgfarrowsep=\dimen182
)
(/nix/store/i7x45x6ayv3j4mkkxf4sljpn5cqgyx85-texlive-combined-full-2019/share/t
exmf/tex/generic/pgf/basiclayer/pgfcoreshade.code.tex
File: pgfcoreshade.code.tex 2020/01/08 v3.1.5b (3.1.5b)
\pgf@max=\dimen183
\pgf@sys@shading@range@num=\count266
\pgf@shadingcount=\count267
)
(/nix/store/i7x45x6ayv3j4mkkxf4sljpn5cqgyx85-texlive-combined-full-2019/share/t
exmf/tex/generic/pgf/basiclayer/pgfcoreimage.code.tex
File: pgfcoreimage.code.tex 2020/01/08 v3.1.5b (3.1.5b)

(/nix/store/i7x45x6ayv3j4mkkxf4sljpn5cqgyx85-texlive-combined-full-2019/share/t
exmf/tex/generic/pgf/basiclayer/pgfcoreexternal.code.tex
File: pgfcoreexternal.code.tex 2020/01/08 v3.1.5b (3.1.5b)
\pgfexternal@startupbox=\box52
))
(/nix/store/i7x45x6ayv3j4mkkxf4sljpn5cqgyx85-texlive-combined-full-2019/share/t
exmf/tex/generic/pgf/basiclayer/pgfcorelayers.code.tex
File: pgfcorelayers.code.tex 2020/01/08 v3.1.5b (3.1.5b)
)
(/nix/store/i7x45x6ayv3j4mkkxf4sljpn5cqgyx85-texlive-combined-full-2019/share/t
exmf/tex/generic/pgf/basiclayer/pgfcoretransparency.code.tex
File: pgfcoretransparency.code.tex 2020/01/08 v3.1.5b (3.1.5b)
)
(/nix/store/i7x45x6ayv3j4mkkxf4sljpn5cqgyx85-texlive-combined-full-2019/share/t
exmf/tex/generic/pgf/basiclayer/pgfcorepatterns.code.tex
File: pgfcorepatterns.code.tex 2020/01/08 v3.1.5b (3.1.5b)
)
(/nix/store/i7x45x6ayv3j4mkkxf4sljpn5cqgyx85-texlive-combined-full-2019/share/t
exmf/tex/generic/pgf/basiclayer/pgfcorerdf.code.tex
File: pgfcorerdf.code.tex 2020/01/08 v3.1.5b (3.1.5b)
)))
(/nix/store/i7x45x6ayv3j4mkkxf4sljpn5cqgyx85-texlive-combined-full-2019/share/t
exmf/tex/generic/pgf/modules/pgfmoduleshapes.code.tex
File: pgfmoduleshapes.code.tex 2020/01/08 v3.1.5b (3.1.5b)
\pgfnodeparttextbox=\box53
)
(/nix/store/i7x45x6ayv3j4mkkxf4sljpn5cqgyx85-texlive-combined-full-2019/share/t
exmf/tex/generic/pgf/modules/pgfmoduleplot.code.tex
File: pgfmoduleplot.code.tex 2020/01/08 v3.1.5b (3.1.5b)
)
(/nix/store/i7x45x6ayv3j4mkkxf4sljpn5cqgyx85-texlive-combined-full-2019/share/t
exmf/tex/latex/pgf/compatibility/pgfcomp-version-0-65.sty
Package: pgfcomp-version-0-65 2020/01/08 v3.1.5b (3.1.5b)
\pgf@nodesepstart=\dimen184
\pgf@nodesepend=\dimen185
)
(/nix/store/i7x45x6ayv3j4mkkxf4sljpn5cqgyx85-texlive-combined-full-2019/share/t
exmf/tex/latex/pgf/compatibility/pgfcomp-version-1-18.sty
Package: pgfcomp-version-1-18 2020/01/08 v3.1.5b (3.1.5b)
))
(/nix/store/i7x45x6ayv3j4mkkxf4sljpn5cqgyx85-texlive-combined-full-2019/share/t
exmf/tex/latex/pgf/utilities/pgffor.sty
(/nix/store/i7x45x6ayv3j4mkkxf4sljpn5cqgyx85-texlive-combined-full-2019/share/t
exmf/tex/latex/pgf/utilities/pgfkeys.sty
(/nix/store/i7x45x6ayv3j4mkkxf4sljpn5cqgyx85-texlive-combined-full-2019/share/t
exmf/tex/generic/pgf/utilities/pgfkeys.code.tex))
(/nix/store/i7x45x6ayv3j4mkkxf4sljpn5cqgyx85-texlive-combined-full-2019/share/t
exmf/tex/latex/pgf/math/pgfmath.sty
(/nix/store/i7x45x6ayv3j4mkkxf4sljpn5cqgyx85-texlive-combined-full-2019/share/t
exmf/tex/generic/pgf/math/pgfmath.code.tex))
(/nix/store/i7x45x6ayv3j4mkkxf4sljpn5cqgyx85-texlive-combined-full-2019/share/t
exmf/tex/generic/pgf/utilities/pgffor.code.tex
Package: pgffor 2020/01/08 v3.1.5b (3.1.5b)

(/nix/store/i7x45x6ayv3j4mkkxf4sljpn5cqgyx85-texlive-combined-full-2019/share/t
exmf/tex/generic/pgf/math/pgfmath.code.tex)
\pgffor@iter=\dimen186
\pgffor@skip=\dimen187
\pgffor@stack=\toks41
\pgffor@toks=\toks42
))
(/nix/store/i7x45x6ayv3j4mkkxf4sljpn5cqgyx85-texlive-combined-full-2019/share/t
exmf/tex/generic/pgf/frontendlayer/tikz/tikz.code.tex
Package: tikz 2020/01/08 v3.1.5b (3.1.5b)

(/nix/store/i7x45x6ayv3j4mkkxf4sljpn5cqgyx85-texlive-combined-full-2019/share/t
exmf/tex/generic/pgf/libraries/pgflibraryplothandlers.code.tex
File: pgflibraryplothandlers.code.tex 2020/01/08 v3.1.5b (3.1.5b)
\pgf@plot@mark@count=\count268
\pgfplotmarksize=\dimen188
)
\tikz@lastx=\dimen189
\tikz@lasty=\dimen190
\tikz@lastxsaved=\dimen191
\tikz@lastysaved=\dimen192
\tikz@lastmovetox=\dimen193
\tikz@lastmovetoy=\dimen194
\tikzleveldistance=\dimen195
\tikzsiblingdistance=\dimen196
\tikz@figbox=\box54
\tikz@figbox@bg=\box55
\tikz@tempbox=\box56
\tikz@tempbox@bg=\box57
\tikztreelevel=\count269
\tikznumberofchildren=\count270
\tikznumberofcurrentchild=\count271
\tikz@fig@count=\count272

(/nix/store/i7x45x6ayv3j4mkkxf4sljpn5cqgyx85-texlive-combined-full-2019/share/t
exmf/tex/generic/pgf/modules/pgfmodulematrix.code.tex
File: pgfmodulematrix.code.tex 2020/01/08 v3.1.5b (3.1.5b)
\pgfmatrixcurrentrow=\count273
\pgfmatrixcurrentcolumn=\count274
\pgf@matrix@numberofcolumns=\count275
)
\tikz@expandcount=\count276

(/nix/store/i7x45x6ayv3j4mkkxf4sljpn5cqgyx85-texlive-combined-full-2019/share/t
exmf/tex/generic/pgf/frontendlayer/tikz/libraries/tikzlibrarytopaths.code.tex
File: tikzlibrarytopaths.code.tex 2020/01/08 v3.1.5b (3.1.5b)
)))
(/nix/store/i7x45x6ayv3j4mkkxf4sljpn5cqgyx85-texlive-combined-full-2019/share/t
exmf/tex/generic/pgf/frontendlayer/tikz/libraries/tikzlibrarypositioning.code.t
ex
File: tikzlibrarypositioning.code.tex 2020/01/08 v3.1.5b (3.1.5b)
)
(/nix/store/i7x45x6ayv3j4mkkxf4sljpn5cqgyx85-texlive-combined-full-2019/share/t
exmf/tex/generic/pgf/frontendlayer/tikz/libraries/tikzlibraryshadows.code.tex
File: tikzlibraryshadows.code.tex 2020/01/08 v3.1.5b (3.1.5b)

(/nix/store/i7x45x6ayv3j4mkkxf4sljpn5cqgyx85-texlive-combined-full-2019/share/t
exmf/tex/generic/pgf/frontendlayer/tikz/libraries/tikzlibraryfadings.code.tex
File: tikzlibraryfadings.code.tex 2020/01/08 v3.1.5b (3.1.5b)

(/nix/store/i7x45x6ayv3j4mkkxf4sljpn5cqgyx85-texlive-combined-full-2019/share/t
exmf/tex/generic/pgf/libraries/pgflibraryfadings.code.tex
File: pgflibraryfadings.code.tex 2020/01/08 v3.1.5b (3.1.5b)
)))
(/nix/store/i7x45x6ayv3j4mkkxf4sljpn5cqgyx85-texlive-combined-full-2019/share/t
exmf/tex/latex/tools/calc.sty
Package: calc 2017/05/25 v4.3 Infix arithmetic (KKT,FJ)
\calc@Acount=\count277
\calc@Bcount=\count278
\calc@Adimen=\dimen197
\calc@Bdimen=\dimen198
\calc@Askip=\skip55
\calc@Bskip=\skip56
LaTeX Info: Redefining \setlength on input line 80.
LaTeX Info: Redefining \addtolength on input line 81.
\calc@Ccount=\count279
\calc@Cskip=\skip57
)
\c@@todonotes@numberoftodonotes=\count280
)
(/nix/store/i7x45x6ayv3j4mkkxf4sljpn5cqgyx85-texlive-combined-full-2019/share/t
exmf/tex/latex/blindtext/blindtext.sty
Package: blindtext 2012/01/06 V2.0 blindtext-Package

(/nix/store/i7x45x6ayv3j4mkkxf4sljpn5cqgyx85-texlive-combined-full-2019/share/t
exmf/tex/latex/tools/xspace.sty
Package: xspace 2014/10/28 v1.13 Space after command names (DPC,MH)
)
\c@blindtext=\count281
\c@Blindtext=\count282
\c@blind@countparstart=\count283
\blind@countxx=\count284
\blindtext@numBlindtext=\count285
\blind@countyy=\count286
\c@blindlist=\count287
\c@blindlistlevel=\count288
\c@blindlist@level=\count289
\blind@listitem=\count290
\c@blind@listcount=\count291
\c@blind@levelcount=\count292
\blind@mathformula=\count293
\blind@Mathformula=\count294
\c@blind@randomcount=\count295
\c@blind@randommax=\count296
\c@blind@pangramcount=\count297
\c@blind@pangrammax=\count298
)
(/nix/store/i7x45x6ayv3j4mkkxf4sljpn5cqgyx85-texlive-combined-full-2019/share/t
exmf/tex/latex/hyperref/hyperref.sty
Package: hyperref 2020/01/14 v7.00d Hypertext links for LaTeX

(/nix/store/i7x45x6ayv3j4mkkxf4sljpn5cqgyx85-texlive-combined-full-2019/share/t
exmf/tex/generic/ltxcmds/ltxcmds.sty
Package: ltxcmds 2019/12/15 v1.24 LaTeX kernel commands for general use (HO)
)
(/nix/store/i7x45x6ayv3j4mkkxf4sljpn5cqgyx85-texlive-combined-full-2019/share/t
exmf/tex/generic/iftex/iftex.sty
Package: iftex 2019/11/07 v1.0c TeX engine tests
)
(/nix/store/i7x45x6ayv3j4mkkxf4sljpn5cqgyx85-texlive-combined-full-2019/share/t
exmf/tex/latex/pdftexcmds/pdftexcmds.sty
Package: pdftexcmds 2019/11/24 v0.31 Utility functions of pdfTeX for LuaTeX (HO
)

(/nix/store/i7x45x6ayv3j4mkkxf4sljpn5cqgyx85-texlive-combined-full-2019/share/t
exmf/tex/generic/infwarerr/infwarerr.sty
Package: infwarerr 2019/12/03 v1.5 Providing info/warning/error messages (HO)
)
Package pdftexcmds Info: \pdf@primitive is available.
Package pdftexcmds Info: \pdf@ifprimitive is available.
Package pdftexcmds Info: \pdfdraftmode found.
)
(/nix/store/i7x45x6ayv3j4mkkxf4sljpn5cqgyx85-texlive-combined-full-2019/share/t
exmf/tex/generic/kvsetkeys/kvsetkeys.sty
Package: kvsetkeys 2019/12/15 v1.18 Key value parser (HO)
)
(/nix/store/i7x45x6ayv3j4mkkxf4sljpn5cqgyx85-texlive-combined-full-2019/share/t
exmf/tex/generic/kvdefinekeys/kvdefinekeys.sty
Package: kvdefinekeys 2019-12-19 v1.6 Define keys (HO)
)
(/nix/store/i7x45x6ayv3j4mkkxf4sljpn5cqgyx85-texlive-combined-full-2019/share/t
exmf/tex/generic/pdfescape/pdfescape.sty
Package: pdfescape 2019/12/09 v1.15 Implements pdfTeX's escape features (HO)
)
(/nix/store/i7x45x6ayv3j4mkkxf4sljpn5cqgyx85-texlive-combined-full-2019/share/t
exmf/tex/latex/hycolor/hycolor.sty
Package: hycolor 2020-01-27 v1.10 Color options for hyperref/bookmark (HO)
)
(/nix/store/i7x45x6ayv3j4mkkxf4sljpn5cqgyx85-texlive-combined-full-2019/share/t
exmf/tex/latex/letltxmacro/letltxmacro.sty
Package: letltxmacro 2019/12/03 v1.6 Let assignment for LaTeX macros (HO)
)
(/nix/store/i7x45x6ayv3j4mkkxf4sljpn5cqgyx85-texlive-combined-full-2019/share/t
exmf/tex/latex/auxhook/auxhook.sty
Package: auxhook 2019-12-17 v1.6 Hooks for auxiliary files (HO)
)
(/nix/store/i7x45x6ayv3j4mkkxf4sljpn5cqgyx85-texlive-combined-full-2019/share/t
exmf/tex/latex/kvoptions/kvoptions.sty
Package: kvoptions 2019/11/29 v3.13 Key value format for package options (HO)
)
\@linkdim=\dimen199
\Hy@linkcounter=\count299
\Hy@pagecounter=\count300

(/nix/store/i7x45x6ayv3j4mkkxf4sljpn5cqgyx85-texlive-combined-full-2019/share/t
exmf/tex/latex/hyperref/pd1enc.def
File: pd1enc.def 2020/01/14 v7.00d Hyperref: PDFDocEncoding definition (HO)
Now handling font encoding PD1 ...
... no UTF-8 mapping file for font encoding PD1
)
(/nix/store/i7x45x6ayv3j4mkkxf4sljpn5cqgyx85-texlive-combined-full-2019/share/t
exmf/tex/generic/intcalc/intcalc.sty
Package: intcalc 2019/12/15 v1.3 Expandable calculations with integers (HO)
)
(/nix/store/i7x45x6ayv3j4mkkxf4sljpn5cqgyx85-texlive-combined-full-2019/share/t
exmf/tex/generic/etexcmds/etexcmds.sty
Package: etexcmds 2019/12/15 v1.7 Avoid name clashes with e-TeX commands (HO)
)
\Hy@SavedSpaceFactor=\count301
\pdfmajorversion=\count302
Package hyperref Info: Hyper figures OFF on input line 4547.
Package hyperref Info: Link nesting OFF on input line 4552.
Package hyperref Info: Hyper index ON on input line 4555.
Package hyperref Info: Plain pages OFF on input line 4562.
Package hyperref Info: Backreferencing OFF on input line 4567.
Package hyperref Info: Implicit mode ON; LaTeX internals redefined.
Package hyperref Info: Bookmarks ON on input line 4800.
\c@Hy@tempcnt=\count303

(/nix/store/i7x45x6ayv3j4mkkxf4sljpn5cqgyx85-texlive-combined-full-2019/share/t
exmf/tex/latex/url/url.sty
\Urlmuskip=\muskip17
Package: url 2013/09/16  ver 3.4  Verb mode for urls, etc.
)
LaTeX Info: Redefining \url on input line 5159.
\XeTeXLinkMargin=\dimen256

(/nix/store/i7x45x6ayv3j4mkkxf4sljpn5cqgyx85-texlive-combined-full-2019/share/t
exmf/tex/generic/bitset/bitset.sty
Package: bitset 2019/12/09 v1.3 Handle bit-vector datatype (HO)

(/nix/store/i7x45x6ayv3j4mkkxf4sljpn5cqgyx85-texlive-combined-full-2019/share/t
exmf/tex/generic/bigintcalc/bigintcalc.sty
Package: bigintcalc 2019/12/15 v1.5 Expandable calculations on big integers (HO
)
))
\Fld@menulength=\count304
\Field@Width=\dimen257
\Fld@charsize=\dimen258
Package hyperref Info: Hyper figures OFF on input line 6430.
Package hyperref Info: Link nesting OFF on input line 6435.
Package hyperref Info: Hyper index ON on input line 6438.
Package hyperref Info: backreferencing OFF on input line 6445.
Package hyperref Info: Link coloring OFF on input line 6450.
Package hyperref Info: Link coloring with OCG OFF on input line 6455.
Package hyperref Info: PDF/A mode OFF on input line 6460.
LaTeX Info: Redefining \ref on input line 6500.
LaTeX Info: Redefining \pageref on input line 6504.

(/nix/store/i7x45x6ayv3j4mkkxf4sljpn5cqgyx85-texlive-combined-full-2019/share/t
exmf/tex/generic/atbegshi/atbegshi.sty
Package: atbegshi 2019/12/05 v1.19 At begin shipout hook (HO)
)
\Hy@abspage=\count305
\c@Item=\count306
\c@Hfootnote=\count307
)
Package hyperref Info: Driver (autodetected): hpdftex.

(/nix/store/i7x45x6ayv3j4mkkxf4sljpn5cqgyx85-texlive-combined-full-2019/share/t
exmf/tex/latex/hyperref/hpdftex.def
File: hpdftex.def 2020/01/14 v7.00d Hyperref driver for pdfTeX

(/nix/store/i7x45x6ayv3j4mkkxf4sljpn5cqgyx85-texlive-combined-full-2019/share/t
exmf/tex/latex/atveryend/atveryend.sty
Package: atveryend 2019-12-11 v1.11 Hooks at the very end of document (HO)
Package atveryend Info: \enddocument detected (standard20110627).
)
\Fld@listcount=\count308
\c@bookmark@seq@number=\count309

(/nix/store/i7x45x6ayv3j4mkkxf4sljpn5cqgyx85-texlive-combined-full-2019/share/t
exmf/tex/latex/rerunfilecheck/rerunfilecheck.sty
Package: rerunfilecheck 2019/12/05 v1.9 Rerun checks for auxiliary files (HO)

(/nix/store/i7x45x6ayv3j4mkkxf4sljpn5cqgyx85-texlive-combined-full-2019/share/t
exmf/tex/generic/uniquecounter/uniquecounter.sty
Package: uniquecounter 2019/12/15 v1.4 Provide unlimited unique counter (HO)
)
Package uniquecounter Info: New unique counter `rerunfilecheck' on input line 2
86.
)
\Hy@SectionHShift=\skip58
) (./preamble/commands.tex))
(/nix/store/i7x45x6ayv3j4mkkxf4sljpn5cqgyx85-texlive-combined-full-2019/share/t
exmf/tex/latex/l3backend/l3backend-pdfmode.def
File: l3backend-pdfmode.def 2020-02-23 L3 backend support: PDF mode
\l__kernel_color_stack_int=\count310
\l__pdf_internal_box=\box58
) (./web-manual.aux)
\openout1 = `web-manual.aux'.

LaTeX Font Info:    Checking defaults for OML/cmm/m/it on input line 8.
LaTeX Font Info:    ... okay on input line 8.
LaTeX Font Info:    Checking defaults for OMS/cmsy/m/n on input line 8.
LaTeX Font Info:    ... okay on input line 8.
LaTeX Font Info:    Checking defaults for OT1/cmr/m/n on input line 8.
LaTeX Font Info:    ... okay on input line 8.
LaTeX Font Info:    Checking defaults for T1/cmr/m/n on input line 8.
LaTeX Font Info:    ... okay on input line 8.
LaTeX Font Info:    Checking defaults for TS1/cmr/m/n on input line 8.
LaTeX Font Info:    ... okay on input line 8.
LaTeX Font Info:    Checking defaults for OMX/cmex/m/n on input line 8.
LaTeX Font Info:    ... okay on input line 8.
LaTeX Font Info:    Checking defaults for U/cmr/m/n on input line 8.
LaTeX Font Info:    ... okay on input line 8.
LaTeX Font Info:    Checking defaults for PD1/pdf/m/n on input line 8.
LaTeX Font Info:    ... okay on input line 8.

(/nix/store/i7x45x6ayv3j4mkkxf4sljpn5cqgyx85-texlive-combined-full-2019/share/t
exmf/tex/context/base/mkii/supp-pdf.mkii
[Loading MPS to PDF converter (version 2006.09.02).]
\scratchcounter=\count311
\scratchdimen=\dimen259
\scratchbox=\box59
\nofMPsegments=\count312
\nofMParguments=\count313
\everyMPshowfont=\toks43
\MPscratchCnt=\count314
\MPscratchDim=\dimen260
\MPnumerator=\count315
\makeMPintoPDFobject=\count316
\everyMPtoPDFconversion=\toks44
)
(/nix/store/i7x45x6ayv3j4mkkxf4sljpn5cqgyx85-texlive-combined-full-2019/share/t
exmf/tex/latex/epstopdf-pkg/epstopdf-base.sty
Package: epstopdf-base 2020-01-24 v2.11 Base part for package epstopdf
Package epstopdf-base Info: Redefining graphics rule for `.eps' on input line 4
85.

(/nix/store/i7x45x6ayv3j4mkkxf4sljpn5cqgyx85-texlive-combined-full-2019/share/t
exmf/tex/latex/latexconfig/epstopdf-sys.cfg
File: epstopdf-sys.cfg 2010/07/13 v1.3 Configuration of (r)epstopdf for TeX Liv
e
))
ABD: EveryShipout initializing macros
\AtBeginShipoutBox=\box60
Package hyperref Info: Link coloring OFF on input line 8.

(/nix/store/i7x45x6ayv3j4mkkxf4sljpn5cqgyx85-texlive-combined-full-2019/share/t
exmf/tex/latex/hyperref/nameref.sty
Package: nameref 2019/09/16 v2.46 Cross-referencing by name of section

(/nix/store/i7x45x6ayv3j4mkkxf4sljpn5cqgyx85-texlive-combined-full-2019/share/t
exmf/tex/latex/refcount/refcount.sty
Package: refcount 2019/12/15 v3.6 Data extraction from label references (HO)
)
(/nix/store/i7x45x6ayv3j4mkkxf4sljpn5cqgyx85-texlive-combined-full-2019/share/t
exmf/tex/generic/gettitlestring/gettitlestring.sty
Package: gettitlestring 2019/12/15 v1.6 Cleanup title references (HO)
)
\c@section@level=\count317
)
LaTeX Info: Redefining \ref on input line 8.
LaTeX Info: Redefining \pageref on input line 8.
LaTeX Info: Redefining \nameref on input line 8.
 (./web-manual.out)
(./web-manual.out)
\@outlinefile=\write4
\openout4 = `web-manual.out'.

 [1

{/nix/store/i7x45x6ayv3j4mkkxf4sljpn5cqgyx85-texlive-combined-full-2019/share/t
exmf-var/fonts/map/pdftex/updmap/pdftex.map}] [2] [3]
[4]
Overfull \hbox (11.24706pt too wide) in paragraph at lines 164--165
[]\OT1/cmr/m/n/10 The semester is sim-ply the string as ex-plained above, as fo
l-lows: $[\OML/cmm/m/it/10 semester\OT1/cmr/m/n/10 ] =
 []

[5] [6] [7] [8]
Overfull \hbox (6.4969pt too wide) in paragraph at lines 306--307
[]\OT1/cmr/m/n/10 To build the $[]$ script, pro-ceed to the di-rec-tory con-tai
n-ing $[]$.
 []

[9] [10]
Package atveryend Info: Empty hook `BeforeClearDocument' on input line 327.
Package atveryend Info: Empty hook `AfterLastShipout' on input line 327.
 (./web-manual.aux)
Package atveryend Info: Executing hook `AtVeryEndDocument' on input line 327.
Package atveryend Info: Executing hook `AtEndAfterFileList' on input line 327.
Package rerunfilecheck Info: File `web-manual.out' has not changed.
(rerunfilecheck)             Checksum: 2CDA0F76AA1A8CD2EEBE0C094CED2326;442.
Package atveryend Info: Empty hook `AtVeryVeryEnd' on input line 327.
 ) 
Here is how much of TeX's memory you used:
 17641 strings out of 480994
 349930 string characters out of 5888645
 601938 words of memory out of 5000000
 32717 multiletter control sequences out of 15000+600000
 540461 words of font info for 51 fonts, out of 8000000 for 9000
 1141 hyphenation exceptions out of 8191
 71i,8n,85p,595b,489s stack positions out of 5000i,500n,10000p,200000b,80000s
</nix/store/i7x45x6ayv3j4mkkxf4sljpn5cqgyx85-texlive-combined-full-2019/share
/texmf/fonts/type1/public/amsfonts/cm/cmbx10.pfb></nix/store/i7x45x6ayv3j4mkkxf
4sljpn5cqgyx85-texlive-combined-full-2019/share/texmf/fonts/type1/public/amsfon
ts/cm/cmbx12.pfb></nix/store/i7x45x6ayv3j4mkkxf4sljpn5cqgyx85-texlive-combined-
full-2019/share/texmf/fonts/type1/public/amsfonts/cm/cmbxti10.pfb></nix/store/i
7x45x6ayv3j4mkkxf4sljpn5cqgyx85-texlive-combined-full-2019/share/texmf/fonts/ty
pe1/public/amsfonts/cm/cmmi10.pfb></nix/store/i7x45x6ayv3j4mkkxf4sljpn5cqgyx85-
texlive-combined-full-2019/share/texmf/fonts/type1/public/amsfonts/cm/cmr10.pfb
></nix/store/i7x45x6ayv3j4mkkxf4sljpn5cqgyx85-texlive-combined-full-2019/share/
texmf/fonts/type1/public/amsfonts/cm/cmr12.pfb></nix/store/i7x45x6ayv3j4mkkxf4s
ljpn5cqgyx85-texlive-combined-full-2019/share/texmf/fonts/type1/public/amsfonts
/cm/cmr17.pfb></nix/store/i7x45x6ayv3j4mkkxf4sljpn5cqgyx85-texlive-combined-ful
l-2019/share/texmf/fonts/type1/public/amsfonts/cm/cmsy10.pfb></nix/store/i7x45x
6ayv3j4mkkxf4sljpn5cqgyx85-texlive-combined-full-2019/share/texmf/fonts/type1/p
ublic/amsfonts/cm/cmti10.pfb>
Output written on web-manual.pdf (10 pages, 146424 bytes).
PDF statistics:
 198 PDF objects out of 1000 (max. 8388607)
 159 compressed objects within 2 object streams
 57 named destinations out of 1000 (max. 500000)
 173 words of extra memory for PDF output out of 10000 (max. 10000000)

